{"uuid":"91985c29-3890-4cd8-b2b4-0e519ce292cc","historyId":"520973ddea8a167092b06743d819c9c9","fullName":"tests.computer.BuyStandardComputer.testBuyStandardComputer","labels":[{"name":"package","value":"tests.computer.BuyStandardComputer"},{"name":"testClass","value":"tests.computer.BuyStandardComputer"},{"name":"testMethod","value":"testBuyStandardComputer"},{"name":"parentSuite","value":"Default Suite"},{"name":"suite","value":"Selenium"},{"name":"subSuite","value":"tests.computer.BuyStandardComputer"},{"name":"host","value":"192.168.2.24"},{"name":"thread","value":"3690@192.168.2.24.main(1)"},{"name":"framework","value":"testng"},{"name":"language","value":"java"}],"links":[],"name":"testBuyStandardComputer","status":"broken","statusDetails":{"known":false,"muted":false,"flaky":false,"message":"[ERROR] The option 2.2GHz not found","trace":"java.lang.RuntimeException: [ERROR] The option 2.2GHz not found\n\tat models.components.order.StandardComputerComponent.selectOption(StandardComputerComponent.java:47)\n\tat models.components.order.StandardComputerComponent.selectProcessorType(StandardComputerComponent.java:23)\n\tat test_flows.computer.OrderComputerFlow.buildComputerSpecAndAddToCard(OrderComputerFlow.java:19)\n\tat tests.computer.BuyStandardComputer.testBuyStandardComputer(BuyStandardComputer.java:17)\n\tat java.base/jdk.internal.reflect.NativeMethodAccessorImpl.invoke0(Native Method)\n\tat java.base/jdk.internal.reflect.NativeMethodAccessorImpl.invoke(NativeMethodAccessorImpl.java:77)\n\tat java.base/jdk.internal.reflect.DelegatingMethodAccessorImpl.invoke(DelegatingMethodAccessorImpl.java:43)\n\tat java.base/java.lang.reflect.Method.invoke(Method.java:568)\n\tat org.testng.internal.invokers.MethodInvocationHelper.invokeMethod(MethodInvocationHelper.java:135)\n\tat org.testng.internal.invokers.TestInvoker.invokeMethod(TestInvoker.java:673)\n\tat org.testng.internal.invokers.TestInvoker.invokeTestMethod(TestInvoker.java:220)\n\tat org.testng.internal.invokers.MethodRunner.runInSequence(MethodRunner.java:50)\n\tat org.testng.internal.invokers.TestInvoker$MethodInvocationAgent.invoke(TestInvoker.java:945)\n\tat org.testng.internal.invokers.TestInvoker.invokeTestMethods(TestInvoker.java:193)\n\tat org.testng.internal.invokers.TestMethodWorker.invokeTestMethods(TestMethodWorker.java:146)\n\tat org.testng.internal.invokers.TestMethodWorker.run(TestMethodWorker.java:128)\n\tat java.base/java.util.ArrayList.forEach(ArrayList.java:1511)\n\tat org.testng.TestRunner.privateRun(TestRunner.java:808)\n\tat org.testng.TestRunner.run(TestRunner.java:603)\n\tat org.testng.SuiteRunner.runTest(SuiteRunner.java:429)\n\tat org.testng.SuiteRunner.runSequentially(SuiteRunner.java:423)\n\tat org.testng.SuiteRunner.privateRun(SuiteRunner.java:383)\n\tat org.testng.SuiteRunner.run(SuiteRunner.java:326)\n\tat org.testng.SuiteRunnerWorker.runSuite(SuiteRunnerWorker.java:52)\n\tat org.testng.SuiteRunnerWorker.run(SuiteRunnerWorker.java:95)\n\tat org.testng.TestNG.runSuitesSequentially(TestNG.java:1249)\n\tat org.testng.TestNG.runSuitesLocally(TestNG.java:1169)\n\tat org.testng.TestNG.runSuites(TestNG.java:1092)\n\tat org.testng.TestNG.run(TestNG.java:1060)\n\tat com.intellij.rt.testng.IDEARemoteTestNG.run(IDEARemoteTestNG.java:66)\n\tat com.intellij.rt.testng.RemoteTestNGStarter.main(RemoteTestNGStarter.java:109)\n"},"stage":"finished","steps":[],"attachments":[],"parameters":[],"start":1677427599180,"stop":1677427724962}